elpa-auto-complete				install
elpa-bind-key					install
elpa-clues-theme				install
elpa-company					install
elpa-company-lsp				install
elpa-concurrent					install
elpa-ctable					install
elpa-dash					install
elpa-deferred					install
elpa-diminish					install
elpa-dockerfile-mode				install
elpa-epc					install
elpa-f						install
elpa-flx					install
elpa-flx-ido					install
elpa-git-annex					install
elpa-haskell-mode				install
elpa-ht						install
elpa-jinja2-mode				install
elpa-lsp-mode					install
elpa-lv						install
elpa-markdown-mode				install
elpa-modus-themes				install
elpa-paredit					install
elpa-popup					install
elpa-projectile					install
elpa-rainbow-mode				install
elpa-s						install
elpa-smex					install
elpa-spinner					install
elpa-use-package				install
elpa-virtualenvwrapper				install
elpa-web-mode					install
elpa-which-key					install
elpa-yaml-mode					install
elpa-yasnippet					install
elpa-yasnippet-snippets				install
